#
# There is insufficient memory for the Java Runtime Environment to continue.
# Native memory allocation (malloc) failed to allocate 279616 bytes for Chunk::new
# Possible reasons:
#   The system is out of physical RAM or swap space
#   In 32 bit mode, the process size limit was hit
# Possible solutions:
#   Reduce memory load on the system
#   Increase physical memory or swap space
#   Check if swap backing store is full
#   Use 64 bit Java on a 64 bit OS
#   Decrease Java heap size (-Xmx/-Xms)
#   Decrease number of Java threads
#   Decrease Java thread stack sizes (-Xss)
#   Set larger code cache with -XX:ReservedCodeCacheSize=
# This output file may be truncated or incomplete.
#
#  Out of Memory Error (allocation.cpp:390), pid=14664, tid=16304
#
# JRE version: Java(TM) SE Runtime Environment (8.0_73-b02) (build 1.8.0_73-b02)
# Java VM: Java HotSpot(TM) 64-Bit Server VM (25.73-b02 mixed mode windows-amd64 compressed oops)
# Failed to write core dump. Minidumps are not enabled by default on client versions of Windows
#

---------------  T H R E A D  ---------------

Current thread (0x0000000016f77000):  JavaThread "C2 CompilerThread1" daemon [_thread_in_native, id=16304, stack(0x0000000017650000,0x0000000017750000)]

Stack: [0x0000000017650000,0x0000000017750000]
[error occurred during error reporting (printing stack bounds), id 0xc0000005]

Native frames: (J=compiled Java code, j=interpreted, Vv=VM code, C=native code)


Current CompileTask:
C2:   1344  307 % !   4       sun.awt.image.PNGImageDecoder::produceImage @ 960 (1916 bytes)


---------------  P R O C E S S  ---------------

Java Threads: ( => current thread )
  0x0000000017d14000 JavaThread "AWT-EventQueue-0" [_thread_blocked, id=16488, stack(0x0000000019240000,0x0000000019340000)]
  0x0000000017cb6800 JavaThread "Image Fetcher 0" daemon [_thread_blocked, id=5784, stack(0x0000000018d40000,0x0000000018e40000)]
  0x0000000017c94000 JavaThread "AWT-Windows" daemon [_thread_in_native, id=16280, stack(0x0000000018670000,0x0000000018770000)]
  0x0000000017c91800 JavaThread "AWT-Shutdown" [_thread_blocked, id=16724, stack(0x0000000018570000,0x0000000018670000)]
  0x0000000017c3f000 JavaThread "Java2D Disposer" daemon [_thread_blocked, id=6284, stack(0x0000000018430000,0x0000000018530000)]
  0x000000001700f800 JavaThread "Service Thread" daemon [_thread_blocked, id=16160, stack(0x0000000017950000,0x0000000017a50000)]
  0x0000000016f7c800 JavaThread "C1 CompilerThread3" daemon [_thread_blocked, id=16556, stack(0x0000000017850000,0x0000000017950000)]
  0x0000000016f79000 JavaThread "C2 CompilerThread2" daemon [_thread_blocked, id=13196, stack(0x0000000017750000,0x0000000017850000)]
=>0x0000000016f77000 JavaThread "C2 CompilerThread1" daemon [_thread_in_native, id=16304, stack(0x0000000017650000,0x0000000017750000)]
  0x0000000016f74800 JavaThread "C2 CompilerThread0" daemon [_thread_blocked, id=16092, stack(0x0000000017550000,0x0000000017650000)]
  0x0000000016f73800 JavaThread "Attach Listener" daemon [_thread_blocked, id=1236, stack(0x0000000017450000,0x0000000017550000)]
  0x0000000016f7f800 JavaThread "Signal Dispatcher" daemon [_thread_blocked, id=15932, stack(0x0000000017350000,0x0000000017450000)]
  0x0000000014e9d800 JavaThread "Finalizer" daemon [_thread_blocked, id=15920, stack(0x0000000016d70000,0x0000000016e70000)]
  0x0000000002475800 JavaThread "Reference Handler" daemon [_thread_blocked, id=15924, stack(0x0000000016c70000,0x0000000016d70000)]
  0x0000000002380800 JavaThread "main" [_thread_in_native, id=13796, stack(0x00000000021d0000,0x00000000022d0000)]

Other Threads:
  0x0000000014e9a800 VMThread [stack: 0x0000000016b70000,0x0000000016c70000] [id=1092]
  0x0000000017053800 WatcherThread [stack: 0x0000000017a50000,0x0000000017b50000] [id=3900]

VM state:not at safepoint (normal execution)

VM Mutex/Monitor currently owned by a thread: None

Heap:
 PSYoungGen      total 18944K, used 3524K [0x00000000eb400000, 0x00000000ed880000, 0x0000000100000000)
  eden space 16384K, 21% used [0x00000000eb400000,0x00000000eb7713a0,0x00000000ec400000)
  from space 2560K, 0% used [0x00000000ec400000,0x00000000ec400000,0x00000000ec680000)
  to   space 2560K, 0% used [0x00000000ed600000,0x00000000ed600000,0x00000000ed880000)
 ParOldGen       total 28160K, used 915K [0x00000000c1c00000, 0x00000000c3780000, 0x00000000eb400000)
  object space 28160K, 3% used [0x00000000c1c00000,0x00000000c1ce4f50,0x00000000c3780000)
 Metaspace       used 8794K, capacity 8970K, committed 9216K, reserved 1062912K
  class space    used 1134K, capacity 1217K, committed 1280K, reserved 1048576K

Card table byte_map: [0x0000000011840000,0x0000000011a40000] byte_map_base: 0x0000000011232000

Marking Bits: (ParMarkBitMap*) 0x0000000074990600
 Begin Bits: [0x0000000012390000, 0x0000000013320000)
 End Bits:   [0x0000000013320000, 0x00000000142b0000)

Polling page: 0x0000000002170000

CodeCache: size=245760Kb used=1898Kb max_used=1898Kb free=243861Kb
 bounds [0x0000000002480000, 0x00000000026f0000, 0x0000000011480000]
 total_blobs=760 nmethods=335 adapters=338
 compilation: enabled

Compilation events (10 events):
Event: 1.296 Thread 0x0000000016f7c800 nmethod 310 0x000000000264a6d0 code [0x000000000264a840, 0x000000000264ab28]
Event: 1.296 Thread 0x0000000016f7c800  311       3       java.awt.ImageMediaEntry::parseflags (31 bytes)
Event: 1.296 Thread 0x0000000016f7c800 nmethod 311 0x000000000264abd0 code [0x000000000264ad40, 0x000000000264af90]
Event: 1.296 Thread 0x0000000016f7c800  312  s    3       sun.awt.image.InputStreamImageSource::doneDecoding (25 bytes)
Event: 1.297 Thread 0x0000000016f7c800 nmethod 312 0x000000000264b010 code [0x000000000264b180, 0x000000000264b508]
Event: 1.297 Thread 0x0000000016f7c800  313       3       sun.awt.image.ImageWatched::newInfo (25 bytes)
Event: 1.297 Thread 0x0000000016f7c800 nmethod 313 0x000000000264b5d0 code [0x000000000264b740, 0x000000000264ba58]
Event: 1.297 Thread 0x0000000016f7c800  314       3       sun.awt.image.ImageWatched$WeakLink::newInfo (73 bytes)
Event: 1.297 Thread 0x0000000016f7c800 nmethod 314 0x000000000264bb50 code [0x000000000264bce0, 0x000000000264c398]
Event: 1.297 Thread 0x0000000016f74800 nmethod 306 0x000000000264f510 code [0x000000000264f660, 0x000000000264f9b8]

GC Heap History (10 events):
Event: 0.982 GC heap before
{Heap before GC invocations=1 (full 0):
 PSYoungGen      total 18944K, used 4260K [0x00000000eb400000, 0x00000000ec900000, 0x0000000100000000)
  eden space 16384K, 26% used [0x00000000eb400000,0x00000000eb829168,0x00000000ec400000)
  from space 2560K, 0% used [0x00000000ec680000,0x00000000ec680000,0x00000000ec900000)
  to   space 2560K, 0% used [0x00000000ec400000,0x00000000ec400000,0x00000000ec680000)
 ParOldGen       total 44032K, used 0K [0x00000000c1c00000, 0x00000000c4700000, 0x00000000eb400000)
  object space 44032K, 0% used [0x00000000c1c00000,0x00000000c1c00000,0x00000000c4700000)
 Metaspace       used 6827K, capacity 6944K, committed 7168K, reserved 1056768K
  class space    used 854K, capacity 930K, committed 1024K, reserved 1048576K
Event: 0.984 GC heap after
Heap after GC invocations=1 (full 0):
 PSYoungGen      total 18944K, used 1184K [0x00000000eb400000, 0x00000000ec900000, 0x0000000100000000)
  eden space 16384K, 0% used [0x00000000eb400000,0x00000000eb400000,0x00000000ec400000)
  from space 2560K, 46% used [0x00000000ec400000,0x00000000ec528000,0x00000000ec680000)
  to   space 2560K, 0% used [0x00000000ec680000,0x00000000ec680000,0x00000000ec900000)
 ParOldGen       total 44032K, used 8K [0x00000000c1c00000, 0x00000000c4700000, 0x00000000eb400000)
  object space 44032K, 0% used [0x00000000c1c00000,0x00000000c1c02000,0x00000000c4700000)
 Metaspace       used 6827K, capacity 6944K, committed 7168K, reserved 1056768K
  class space    used 854K, capacity 930K, committed 1024K, reserved 1048576K
}
Event: 0.984 GC heap before
{Heap before GC invocations=2 (full 0):
 PSYoungGen      total 18944K, used 1184K [0x00000000eb400000, 0x00000000ec900000, 0x0000000100000000)
  eden space 16384K, 0% used [0x00000000eb400000,0x00000000eb400000,0x00000000ec400000)
  from space 2560K, 46% used [0x00000000ec400000,0x00000000ec528000,0x00000000ec680000)
  to   space 2560K, 0% used [0x00000000ec680000,0x00000000ec680000,0x00000000ec900000)
 ParOldGen       total 44032K, used 8K [0x00000000c1c00000, 0x00000000c4700000, 0x00000000eb400000)
  object space 44032K, 0% used [0x00000000c1c00000,0x00000000c1c02000,0x00000000c4700000)
 Metaspace       used 6827K, capacity 6944K, committed 7168K, reserved 1056768K
  class space    used 854K, capacity 930K, committed 1024K, reserved 1048576K
Event: 0.985 GC heap after
Heap after GC invocations=2 (full 0):
 PSYoungGen      total 18944K, used 1168K [0x00000000eb400000, 0x00000000ec900000, 0x0000000100000000)
  eden space 16384K, 0% used [0x00000000eb400000,0x00000000eb400000,0x00000000ec400000)
  from space 2560K, 45% used [0x00000000ec680000,0x00000000ec7a4010,0x00000000ec900000)
  to   space 2560K, 0% used [0x00000000ec400000,0x00000000ec400000,0x00000000ec680000)
 ParOldGen       total 44032K, used 16K [0x00000000c1c00000, 0x00000000c4700000, 0x00000000eb400000)
  object space 44032K, 0% used [0x00000000c1c00000,0x00000000c1c04000,0x00000000c4700000)
 Metaspace       used 6827K, capacity 6944K, committed 7168K, reserved 1056768K
  class space    used 854K, capacity 930K, committed 1024K, reserved 1048576K
}
Event: 0.985 GC heap before
{Heap before GC invocations=3 (full 1):
 PSYoungGen      total 18944K, used 1168K [0x00000000eb400000, 0x00000000ec900000, 0x0000000100000000)
  eden space 16384K, 0% used [0x00000000eb400000,0x00000000eb400000,0x00000000ec400000)
  from space 2560K, 45% used [0x00000000ec680000,0x00000000ec7a4010,0x00000000ec900000)
  to   space 2560K, 0% used [0x00000000ec400000,0x00000000ec400000,0x00000000ec680000)
 ParOldGen       total 44032K, used 16K [0x00000000c1c00000, 0x00000000c4700000, 0x00000000eb400000)
  object space 44032K, 0% used [0x00000000c1c00000,0x00000000c1c04000,0x00000000c4700000)
 Metaspace       used 6827K, capacity 6944K, committed 7168K, reserved 1056768K
  class space    used 854K, capacity 930K, committed 1024K, reserved 1048576K
Event: 0.998 GC heap after
Heap after GC invocations=3 (full 1):
 PSYoungGen      total 18944K, used 0K [0x00000000eb400000, 0x00000000ec900000, 0x0000000100000000)
  eden space 16384K, 0% used [0x00000000eb400000,0x00000000eb400000,0x00000000ec400000)
  from space 2560K, 0% used [0x00000000ec680000,0x00000000ec680000,0x00000000ec900000)
  to   space 2560K, 0% used [0x00000000ec400000,0x00000000ec400000,0x00000000ec680000)
 ParOldGen       total 18432K, used 1048K [0x00000000c1c00000, 0x00000000c2e00000, 0x00000000eb400000)
  object space 18432K, 5% used [0x00000000c1c00000,0x00000000c1d06110,0x00000000c2e00000)
 Metaspace       used 6827K, capacity 6944K, committed 7168K, reserved 1056768K
  class space    used 854K, capacity 930K, committed 1024K, reserved 1048576K
}
Event: 0.998 GC heap before
{Heap before GC invocations=4 (full 1):
 PSYoungGen      total 18944K, used 0K [0x00000000eb400000, 0x00000000ec900000, 0x0000000100000000)
  eden space 16384K, 0% used [0x00000000eb400000,0x00000000eb400000,0x00000000ec400000)
  from space 2560K, 0% used [0x00000000ec680000,0x00000000ec680000,0x00000000ec900000)
  to   space 2560K, 0% used [0x00000000ec400000,0x00000000ec400000,0x00000000ec680000)
 ParOldGen       total 18432K, used 1048K [0x00000000c1c00000, 0x00000000c2e00000, 0x00000000eb400000)
  object space 18432K, 5% used [0x00000000c1c00000,0x00000000c1d06110,0x00000000c2e00000)
 Metaspace       used 6827K, capacity 6944K, committed 7168K, reserved 1056768K
  class space    used 854K, capacity 930K, committed 1024K, reserved 1048576K
Event: 0.999 GC heap after
Heap after GC invocations=4 (full 1):
 PSYoungGen      total 18944K, used 0K [0x00000000eb400000, 0x00000000ed880000, 0x0000000100000000)
  eden space 16384K, 0% used [0x00000000eb400000,0x00000000eb400000,0x00000000ec400000)
  from space 2560K, 0% used [0x00000000ec400000,0x00000000ec400000,0x00000000ec680000)
  to   space 2560K, 0% used [0x00000000ed600000,0x00000000ed600000,0x00000000ed880000)
 ParOldGen       total 18432K, used 1048K [0x00000000c1c00000, 0x00000000c2e00000, 0x00000000eb400000)
  object space 18432K, 5% used [0x00000000c1c00000,0x00000000c1d06110,0x00000000c2e00000)
 Metaspace       used 6827K, capacity 6944K, committed 7168K, reserved 1056768K
  class space    used 854K, capacity 930K, committed 1024K, reserved 1048576K
}
Event: 0.999 GC heap before
{Heap before GC invocations=5 (full 2):
 PSYoungGen      total 18944K, used 0K [0x00000000eb400000, 0x00000000ed880000, 0x0000000100000000)
  eden space 16384K, 0% used [0x00000000eb400000,0x00000000eb400000,0x00000000ec400000)
  from space 2560K, 0% used [0x00000000ec400000,0x00000000ec400000,0x00000000ec680000)
  to   space 2560K, 0% used [0x00000000ed600000,0x00000000ed600000,0x00000000ed880000)
 ParOldGen       total 18432K, used 1048K [0x00000000c1c00000, 0x00000000c2e00000, 0x00000000eb400000)
  object space 18432K, 5% used [0x00000000c1c00000,0x00000000c1d06110,0x00000000c2e00000)
 Metaspace       used 6827K, capacity 6944K, committed 7168K, reserved 1056768K
  class space    used 854K, capacity 930K, committed 1024K, reserved 1048576K
Event: 1.015 GC heap after
Heap after GC invocations=5 (full 2):
 PSYoungGen      total 18944K, used 0K [0x00000000eb400000, 0x00000000ed880000, 0x0000000100000000)
  eden space 16384K, 0% used [0x00000000eb400000,0x00000000eb400000,0x00000000ec400000)
  from space 2560K, 0% used [0x00000000ec400000,0x00000000ec400000,0x00000000ec680000)
  to   space 2560K, 0% used [0x00000000ed600000,0x00000000ed600000,0x00000000ed880000)
 ParOldGen       total 28160K, used 915K [0x00000000c1c00000, 0x00000000c3780000, 0x00000000eb400000)
  object space 28160K, 3% used [0x00000000c1c00000,0x00000000c1ce4f50,0x00000000c3780000)
 Metaspace       used 6821K, capacity 6934K, committed 7168K, reserved 1056768K
  class space    used 851K, capacity 925K, committed 1024K, reserved 1048576K
}

Deoptimization events (1 events):
Event: 0.823 Thread 0x0000000002380800 Uncommon trap: reason=null_check action=make_not_entrant pc=0x00000000025ec41c method=java.lang.String.equals(Ljava/lang/Object;)Z @ 8

Internal exceptions (10 events):
Event: 0.295 Thread 0x0000000002380800 Exception <a 'java/security/PrivilegedActionException'> (0x00000000eb4d8b68) thrown at [D:\re\puppet\workspace\8-2-build-windows-amd64-cygwin\jdk8u73\6086\hotspot\src\share\vm\prims\jvm.cpp, line 1386]
Event: 0.295 Thread 0x0000000002380800 Exception <a 'java/security/PrivilegedActionException'> (0x00000000eb4d8d78) thrown at [D:\re\puppet\workspace\8-2-build-windows-amd64-cygwin\jdk8u73\6086\hotspot\src\share\vm\prims\jvm.cpp, line 1386]
Event: 0.295 Thread 0x0000000002380800 Exception <a 'java/security/PrivilegedActionException'> (0x00000000eb4dc920) thrown at [D:\re\puppet\workspace\8-2-build-windows-amd64-cygwin\jdk8u73\6086\hotspot\src\share\vm\prims\jvm.cpp, line 1386]
Event: 0.295 Thread 0x0000000002380800 Exception <a 'java/security/PrivilegedActionException'> (0x00000000eb4dcb30) thrown at [D:\re\puppet\workspace\8-2-build-windows-amd64-cygwin\jdk8u73\6086\hotspot\src\share\vm\prims\jvm.cpp, line 1386]
Event: 0.535 Thread 0x0000000002380800 Exception <a 'java/io/FileNotFoundException'> (0x00000000eb4deff8) thrown at [D:\re\puppet\workspace\8-2-build-windows-amd64-cygwin\jdk8u73\6086\hotspot\src\share\vm\prims\jni.cpp, line 709]
Event: 0.597 Thread 0x0000000002380800 Exception <a 'java/lang/NoSuchFieldError': method resolution failed> (0x00000000eb5ff478) thrown at [D:\re\puppet\workspace\8-2-build-windows-amd64-cygwin\jdk8u73\6086\hotspot\src\share\vm\prims\methodHandles.cpp, line 1146]
Event: 0.598 Thread 0x0000000002380800 Exception <a 'java/lang/NoSuchFieldError': method resolution failed> (0x00000000eb60c848) thrown at [D:\re\puppet\workspace\8-2-build-windows-amd64-cygwin\jdk8u73\6086\hotspot\src\share\vm\prims\methodHandles.cpp, line 1146]
Event: 0.638 Thread 0x0000000002380800 Exception <a 'java/io/FileNotFoundException'> (0x00000000eb6a1778) thrown at [D:\re\puppet\workspace\8-2-build-windows-amd64-cygwin\jdk8u73\6086\hotspot\src\share\vm\prims\jni.cpp, line 709]
Event: 0.823 Thread 0x0000000002380800 Implicit null exception at 0x00000000025ec25b to 0x00000000025ec40d
Event: 1.015 Thread 0x0000000017cb6800 Exception <a 'java/lang/OutOfMemoryError'> (0x00000000c1c3adb8) thrown at [D:\re\puppet\workspace\8-2-build-windows-amd64-cygwin\jdk8u73\6086\hotspot\src\share\vm\gc_interface/collectedHeap.inline.hpp, line 159]

Events (10 events):
Event: 1.276 loading class javax/swing/plaf/metal/MetalButtonUI
Event: 1.276 loading class javax/swing/plaf/metal/MetalButtonUI done
Event: 1.276 loading class javax/swing/plaf/metal/MetalBorders$ButtonBorder
Event: 1.276 loading class javax/swing/plaf/metal/MetalBorders$ButtonBorder done
Event: 1.294 Thread 0x0000000017cb6800 DEOPT PACKING pc=0x0000000002618270 sp=0x0000000018e3ef80
Event: 1.294 Thread 0x0000000017cb6800 DEOPT UNPACKING pc=0x00000000024c787f sp=0x0000000018e3eca8 mode 0
Event: 1.294 Thread 0x0000000017cb6800 DEOPT PACKING pc=0x0000000002618270 sp=0x0000000018e3ef80
Event: 1.294 Thread 0x0000000017cb6800 DEOPT UNPACKING pc=0x00000000024c787f sp=0x0000000018e3eca8 mode 0
Event: 1.297 loading class cutomer/WelcomeLoginDisplay$1
Event: 1.297 loading class cutomer/WelcomeLoginDisplay$1 done


Dynamic libraries:
0x00007ff7ec580000 - 0x00007ff7ec5b7000 	C:\Program Files\Java\jre1.8.0_73\bin\javaw.exe
0x00007ffd70ee0000 - 0x00007ffd710a1000 	C:\WINDOWS\SYSTEM32\ntdll.dll
0x00007ffd6f800000 - 0x00007ffd6f8ad000 	C:\WINDOWS\system32\KERNEL32.DLL
0x00007ffd6d750000 - 0x00007ffd6d938000 	C:\WINDOWS\system32\KERNELBASE.dll
0x00007ffd6f5c0000 - 0x00007ffd6f667000 	C:\WINDOWS\system32\ADVAPI32.dll
0x00007ffd6ebb0000 - 0x00007ffd6ec4d000 	C:\WINDOWS\system32\msvcrt.dll
0x00007ffd6eed0000 - 0x00007ffd6ef2b000 	C:\WINDOWS\system32\sechost.dll
0x00007ffd6e3f0000 - 0x00007ffd6e50c000 	C:\WINDOWS\system32\RPCRT4.dll
0x00007ffd6e8d0000 - 0x00007ffd6ea26000 	C:\WINDOWS\system32\USER32.dll
0x00007ffd6f670000 - 0x00007ffd6f7f6000 	C:\WINDOWS\system32\GDI32.dll
0x00007ffd69580000 - 0x00007ffd697f4000 	C:\WINDOWS\WinSxS\amd64_microsoft.windows.common-controls_6595b64144ccf1df_6.0.10586.0_none_8c15ae12515e1c22\COMCTL32.dll
0x00007ffd6ec50000 - 0x00007ffd6eecd000 	C:\WINDOWS\system32\combase.dll
0x00007ffd6d590000 - 0x00007ffd6d5fa000 	C:\WINDOWS\system32\bcryptPrimitives.dll
0x00007ffd6e3b0000 - 0x00007ffd6e3eb000 	C:\WINDOWS\system32\IMM32.DLL
0x0000000073fd0000 - 0x00000000740a2000 	C:\Program Files\Java\jre1.8.0_73\bin\msvcr100.dll
0x0000000074180000 - 0x0000000074a10000 	C:\Program Files\Java\jre1.8.0_73\bin\server\jvm.dll
0x00007ffd6f360000 - 0x00007ffd6f368000 	C:\WINDOWS\system32\PSAPI.DLL
0x00007ffd6a0b0000 - 0x00007ffd6a0b9000 	C:\WINDOWS\SYSTEM32\WSOCK32.dll
0x00007ffd6b730000 - 0x00007ffd6b753000 	C:\WINDOWS\SYSTEM32\WINMM.dll
0x00007ffd69070000 - 0x00007ffd6907a000 	C:\WINDOWS\SYSTEM32\VERSION.dll
0x00007ffd6f550000 - 0x00007ffd6f5bb000 	C:\WINDOWS\system32\WS2_32.dll
0x00007ffd6b510000 - 0x00007ffd6b53c000 	C:\WINDOWS\SYSTEM32\WINMMBASE.dll
0x00007ffd6d940000 - 0x00007ffd6d983000 	C:\WINDOWS\system32\cfgmgr32.dll
0x0000000074170000 - 0x000000007417f000 	C:\Program Files\Java\jre1.8.0_73\bin\verify.dll
0x0000000074140000 - 0x0000000074169000 	C:\Program Files\Java\jre1.8.0_73\bin\java.dll
0x0000000074120000 - 0x0000000074136000 	C:\Program Files\Java\jre1.8.0_73\bin\zip.dll
0x00007ffd6f8c0000 - 0x00007ffd70e1c000 	C:\WINDOWS\system32\SHELL32.dll
0x00007ffd6db60000 - 0x00007ffd6e1a4000 	C:\WINDOWS\system32\windows.storage.dll
0x00007ffd70e80000 - 0x00007ffd70ed2000 	C:\WINDOWS\system32\shlwapi.dll
0x00007ffd6d570000 - 0x00007ffd6d57f000 	C:\WINDOWS\system32\kernel.appcore.dll
0x00007ffd6d690000 - 0x00007ffd6d745000 	C:\WINDOWS\system32\shcore.dll
0x00007ffd6d520000 - 0x00007ffd6d56b000 	C:\WINDOWS\system32\powrprof.dll
0x00007ffd6d500000 - 0x00007ffd6d514000 	C:\WINDOWS\system32\profapi.dll
0x0000000073e30000 - 0x0000000073fc8000 	C:\Program Files\Java\jre1.8.0_73\bin\awt.dll
0x00007ffd6f480000 - 0x00007ffd6f541000 	C:\WINDOWS\system32\OLEAUT32.dll
0x00007ffd6bb70000 - 0x00007ffd6bbe9000 	C:\WINDOWS\system32\apphelp.dll
0x00007ffd6b440000 - 0x00007ffd6b462000 	C:\WINDOWS\system32\DWMAPI.DLL
0x00007ffd6bd90000 - 0x00007ffd6be26000 	C:\WINDOWS\system32\uxtheme.dll
0x00007ffd6e510000 - 0x00007ffd6e66a000 	C:\WINDOWS\system32\MSCTF.dll
0x00007ffd6ea30000 - 0x00007ffd6eb73000 	C:\WINDOWS\system32\ole32.dll
0x0000000073df0000 - 0x0000000073e21000 	C:\Program Files\Java\jre1.8.0_73\bin\jpeg.dll
0x0000000073da0000 - 0x0000000073de7000 	C:\Program Files\Java\jre1.8.0_73\bin\fontmanager.dll

VM Arguments:
jvm_args: -Dfile.encoding=Cp1252 
java_command: main.WelcomeLogin
java_class_path (initial): D:\G.H.N\_WORKS\_Semester Pendek\Eclipse Project\Github Project\Southern\bin;D:\G.H.N\_WORKS\_Semester Pendek\Eclipse Project\Github Project\Southern\lib\mysql-connector-java-5.1.25-bin.jar
Launcher Type: SUN_STANDARD

Environment Variables:
PATH=C:/Program Files/Java/jre1.8.0_73/bin/server;C:/Program Files/Java/jre1.8.0_73/bin;C:/Program Files/Java/jre1.8.0_73/lib/amd64;C:\ProgramData\Oracle\Java\javapath;C:\Program Files (x86)\Intel\iCLS Client\;C:\Program Files\Intel\iCLS Client\;C:\WINDOWS\system32;C:\WINDOWS;C:\WINDOWS\System32\Wbem;C:\WINDOWS\System32\WindowsPowerShell\v1.0\;C:\Program Files\Intel\Intel(R) Management Engine Components\DAL;C:\Program Files\Intel\Intel(R) Management Engine Components\IPT;C:\Program Files (x86)\Intel\Intel(R) Management Engine Components\DAL;C:\Program Files (x86)\Intel\Intel(R) Management Engine Components\IPT;C:\Program Files (x86)\NVIDIA Corporation\PhysX\Common;C:\Program Files\nodejs\;C:\Program Files (x86)\Java\jdk1.8.0_31\bin;C:\Users\USER\AppData\Roaming\npm;C:\Users\USER\AppData\Local\atom\bin;D:\Installer\eclipse;
USERNAME=USER
OS=Windows_NT
PROCESSOR_IDENTIFIER=Intel64 Family 6 Model 60 Stepping 3, GenuineIntel



---------------  S Y S T E M  ---------------

OS: Windows 10.0 , 64 bit Build 10586 (10.0.10586.0)

CPU:total 8 (4 cores per cpu, 2 threads per core) family 6 model 60 stepping 3, cmov, cx8, fxsr, mmx, sse, sse2, sse3, ssse3, sse4.1, sse4.2, popcnt, avx, avx2, aes, clmul, erms, lzcnt, ht, tsc, tscinvbit, bmi1, bmi2

Memory: 4k page, physical 4072632k(1077668k free), swap 16655544k(4656k free)

vm_info: Java HotSpot(TM) 64-Bit Server VM (25.73-b02) for windows-amd64 JRE (1.8.0_73-b02), built on Jan 29 2016 17:38:49 by "java_re" with MS VC++ 10.0 (VS2010)

time: Tue Jul 12 00:28:58 2016
elapsed time: 1 seconds (0d 0h 0m 1s)

